<?xml version="1.0" encoding="UTF-8"?>
<!-- Generated by org.testng.reporters.JUnitXMLReporter -->
<testsuite ignored="0" hostname="ATMECSINDT-080" failures="0" tests="4" name="Default test" time="71.334" errors="0" timestamp="13 Sep 2019 14:12:20 GMT">
  <testcase classname="com.atmecs.practo.testscripts.AddToCart" name="clickOnDiagnostics" time="62.65"/>
  <testcase classname="com.atmecs.practo.testscripts.AddToCart" name="validateAfterAdd" time="2.322"/>
  <testcase classname="com.atmecs.practo.testscripts.RemoveFromCart" name="cartAfterRemovalOfSample" time="6.129"/>
  <testcase classname="com.atmecs.practo.testscripts.RemoveFromCart" name="validateCartAfterRemoval" time="0.197"/>
</testsuite> <!-- Default test -->
