<?xml version="1.0" encoding="UTF-8"?>
<!-- Generated by org.testng.reporters.JUnitXMLReporter -->
<testsuite ignored="0" hostname="ATMECSINDT-080" failures="2" tests="4" name="Test" time="68.051" errors="0" timestamp="13 Sep 2019 10:43:18 GMT">
  <testcase classname="com.atmecs.practo.testscripts.AddToCart" name="clickOnDiagnostics" time="61.89"/>
  <testcase classname="com.atmecs.practo.testscripts.AddToCart" name="validateAfterAdding" time="0.002">
    <failure type="java.lang.NullPointerException">
      <![CDATA[java.lang.NullPointerException
at com.atmecs.practo.testscripts.ValidatePracto.namesOfSampleEqual(ValidatePracto.java:19)
at com.atmecs.practo.testscripts.AddToCart.validateAfterAdding(AddToCart.java:95)
... Removed 26 stack frames]]>
    </failure>
  </testcase> <!-- validateAfterAdding -->
  <testcase classname="com.atmecs.practo.testscripts.RemoveFromCart" name="cartAfterRemovalOfSample" time="6.117"/>
  <testcase classname="com.atmecs.practo.testscripts.RemoveFromCart" name="validateAfterRemove" time="0.002">
    <failure type="java.lang.NullPointerException">
      <![CDATA[java.lang.NullPointerException
at com.atmecs.practo.testscripts.ValidatePracto.validateCartAfterRemoval(ValidatePracto.java:78)
at com.atmecs.practo.testscripts.RemoveFromCart.validateAfterRemove(RemoveFromCart.java:28)
... Removed 26 stack frames]]>
    </failure>
  </testcase> <!-- validateAfterRemove -->
</testsuite> <!-- Test -->
